<?xml version="1.0" encoding="UTF-8"?>
<!-- Generated by org.testng.reporters.JUnitReportReporter -->
<testsuite hostname="DESKTOP-3N5LA56" failures="0" tests="3" name="SwagLabs.TestCases.LoginPageTest" time="5.758" errors="0" timestamp="2025-05-27T16:55:44 IST" skipped="0">
  <testcase classname="SwagLabs.TestCases.LoginPageTest" name="LoginPageTitleTest" time="1.767"/>
  <testcase classname="SwagLabs.TestCases.LoginPageTest" name="SwagLabsLogoTest" time="1.802"/>
  <testcase classname="SwagLabs.TestCases.LoginPageTest" name="LoginTest" time="2.189"/>
</testsuite> <!-- SwagLabs.TestCases.LoginPageTest -->
